<?xml version="1.0" encoding="UTF-8"?>
<testsuite xmlns:xsi="http://www.w3.org/2001/XMLSchema-instance" xsi:noNamespaceSchemaLocation="https://maven.apache.org/surefire/maven-surefire-plugin/xsd/surefire-test-report.xsd" name="com.yodlee.categorization.algo.legacy.LegacyCategorisationServiceImplTest" time="0.292" tests="29" errors="0" skipped="0" failures="0">
  <properties>
[...]
</properties>
  <testcase name="testUncategorizedWithTDEEnabledWithDiffBaseType" classname="com.yodlee.categorization.algo.legacy.LegacyCategorisationServiceImplTest" time="0.03"/>
  <testcase name="testCategoryForRefundAndAdjustmentWithMCC" classname="com.yodlee.categorization.algo.legacy.LegacyCategorisationServiceImplTest" time="0.004"/>
  <testcase name="testCategorisationForInvestmentWithMergerEnabled" classname="com.yodlee.categorization.algo.legacy.LegacyCategorisationServiceImplTest" time="0.003"/>
  <testcase name="testCategorisationForCardWithMergerDisabled" classname="com.yodlee.categorization.algo.legacy.LegacyCategorisationServiceImplTest" time="0.003"/>
  <testcase name="testCategorisationForInsuranceWithMergerEnabled" classname="com.yodlee.categorization.algo.legacy.LegacyCategorisationServiceImplTest" time="0.002"/>
  <testcase name="testSimpleDescForInsuranceWithDummyMerchant" classname="com.yodlee.categorization.algo.legacy.LegacyCategorisationServiceImplTest" time="0.003"/>
  <testcase name="testGranularCategoryForRefundAndAdjustment" classname="com.yodlee.categorization.algo.legacy.LegacyCategorisationServiceImplTest" time="0.004"/>
  <testcase name="testCategorisationForCardWithMergerEnabled" classname="com.yodlee.categorization.algo.legacy.LegacyCategorisationServiceImplTest" time="0.004"/>
  <testcase name="testCategoryForRefundAndAdjustment" classname="com.yodlee.categorization.algo.legacy.LegacyCategorisationServiceImplTest" time="0.004"/>
  <testcase name="testUncategorizedForBankContainerWithTDEEnabled" classname="com.yodlee.categorization.algo.legacy.LegacyCategorisationServiceImplTest" time="0.004"/>
  <testcase name="testUncategorizedForBankContainerWithBaseTypeDebit" classname="com.yodlee.categorization.algo.legacy.LegacyCategorisationServiceImplTest" time="0.004"/>
  <testcase name="testCategorisationForInsuranceWithDummyMerchant" classname="com.yodlee.categorization.algo.legacy.LegacyCategorisationServiceImplTest" time="0.004"/>
  <testcase name="testCategorisationForBankWithMergerEnabled" classname="com.yodlee.categorization.algo.legacy.LegacyCategorisationServiceImplTest" time="0.004"/>
  <testcase name="testGranularCategoryForInvalidContainer" classname="com.yodlee.categorization.algo.legacy.LegacyCategorisationServiceImplTest" time="0.004"/>
  <testcase name="testCategorisationForInvestmentWithoutCategoryMerger" classname="com.yodlee.categorization.algo.legacy.LegacyCategorisationServiceImplTest" time="0.005"/>
  <testcase name="testCategorisationForInvestmentWithMergerDisabled" classname="com.yodlee.categorization.algo.legacy.LegacyCategorisationServiceImplTest" time="0.005"/>
  <testcase name="testCategorisationForInvestment" classname="com.yodlee.categorization.algo.legacy.LegacyCategorisationServiceImplTest" time="0.004"/>
  <testcase name="testCategorySourceForDebitCardContainer" classname="com.yodlee.categorization.algo.legacy.LegacyCategorisationServiceImplTest" time="0.004"/>
  <testcase name="testUncategorizedWithEmptySlamBangWord" classname="com.yodlee.categorization.algo.legacy.LegacyCategorisationServiceImplTest" time="0.005"/>
  <testcase name="testSimpleDescForInsuranceWithoutDummyMerchant" classname="com.yodlee.categorization.algo.legacy.LegacyCategorisationServiceImplTest" time="0.005"/>
  <testcase name="testUncategorized" classname="com.yodlee.categorization.algo.legacy.LegacyCategorisationServiceImplTest" time="0.004"/>
  <testcase name="testCategorisationForBankWithMergerDisabled" classname="com.yodlee.categorization.algo.legacy.LegacyCategorisationServiceImplTest" time="0.004"/>
  <testcase name="testUncategorizedForBankContainerWithBaseTypeCredit" classname="com.yodlee.categorization.algo.legacy.LegacyCategorisationServiceImplTest" time="0.004"/>
  <testcase name="testCategorisationForInvestmentWithTdeEnabled" classname="com.yodlee.categorization.algo.legacy.LegacyCategorisationServiceImplTest" time="0.005"/>
  <testcase name="testCategorisationForInvestmentWithTdeDisabled" classname="com.yodlee.categorization.algo.legacy.LegacyCategorisationServiceImplTest" time="0.004"/>
  <testcase name="testCategorisationForBank" classname="com.yodlee.categorization.algo.legacy.LegacyCategorisationServiceImplTest" time="0.005"/>
  <testcase name="testCategorisationForInsuranceWithMergerDisabled" classname="com.yodlee.categorization.algo.legacy.LegacyCategorisationServiceImplTest" time="0.004"/>
  <testcase name="testUncategorizedForDebitCardContainer" classname="com.yodlee.categorization.algo.legacy.LegacyCategorisationServiceImplTest" time="0.005"/>
  <testcase name="testUncategorizedForCreditCardContainer" classname="com.yodlee.categorization.algo.legacy.LegacyCategorisationServiceImplTest" time="0.004"/>
</testsuite>